Started at Mon Apr 27 16:26:51 UTC 2020
Processing Test
Offering Test to Project Build Discarder
Finished at Mon Apr 27 16:26:51 UTC 2020. 69ms
Started at Mon Apr 27 17:26:51 UTC 2020
Processing Test
Offering Test to Project Build Discarder
Finished at Mon Apr 27 17:26:51 UTC 2020. 10ms
Started at Mon Apr 27 18:26:51 UTC 2020
Processing Test
Offering Test to Project Build Discarder
Finished at Mon Apr 27 18:26:51 UTC 2020. 13ms
Started at Mon Apr 27 19:26:51 UTC 2020
Processing Test
Offering Test to Project Build Discarder
Finished at Mon Apr 27 19:26:51 UTC 2020. 12ms
Started at Mon Apr 27 20:26:51 UTC 2020
Processing Test
Offering Test to Project Build Discarder
Finished at Mon Apr 27 20:26:51 UTC 2020. 10ms
Started at Mon Apr 27 21:26:51 UTC 2020
Processing Test
Offering Test to Project Build Discarder
Finished at Mon Apr 27 21:26:51 UTC 2020. 10ms
Started at Mon Apr 27 22:26:51 UTC 2020
Processing Test
Offering Test to Project Build Discarder
Finished at Mon Apr 27 22:26:51 UTC 2020. 14ms
Started at Mon Apr 27 23:26:51 UTC 2020
Processing Test
Offering Test to Project Build Discarder
Finished at Mon Apr 27 23:26:51 UTC 2020. 10ms
Started at Tue Apr 28 00:26:51 UTC 2020
Processing Test
Offering Test to Project Build Discarder
Finished at Tue Apr 28 00:26:51 UTC 2020. 14ms
Started at Tue Apr 28 01:26:51 UTC 2020
Processing Test
Offering Test to Project Build Discarder
Finished at Tue Apr 28 01:26:51 UTC 2020. 13ms
